<?xml version="1.0" encoding="UTF-8"?>
<!-- Generated by org.testng.reporters.JUnitReportReporter -->
<testsuite hostname="DESKTOP-S6MV8ON" failures="0" tests="4" name="api.tests.userTest" time="10.932" errors="0" timestamp="2025-07-20T21:54:34 BDT" skipped="1">
  <testcase classname="api.tests.userTest" name="createUser" time="5.864"/>
  <testcase classname="api.tests.userTest" name="getUser" time="1.635"/>
  <testcase classname="api.tests.userTest" name="UpdateUser" time="3.433"/>
  <testcase classname="api.tests.userTest" name="deleteUser">
    <skipped/>
  </testcase> <!-- deleteUser -->
</testsuite> <!-- api.tests.userTest -->
